<?xml version="1.0" encoding="UTF-8"?>
<Site BuildName="Linux-g++"
	BuildStamp="20240401-2100-Experimental"
	Name="laptop"
	Generator="ctest-3.22.1"
	CompilerName="/usr/bin/g++"
	CompilerVersion="11.4.0"
	OSName="Linux"
	Hostname="laptop"
	OSRelease="6.5.0-26-generic"
	OSVersion="#26~22.04.1-Ubuntu SMP PREEMPT_DYNAMIC Tue Mar 12 10:22:43 UTC 2"
	OSPlatform="x86_64"
	Is64Bits="1"
	VendorString="GenuineIntel"
	VendorID="Intel Corporation"
	FamilyID="6"
	ModelID="154"
	ProcessorCacheSize="24576"
	NumberOfLogicalCPU="20"
	NumberOfPhysicalCPU="14"
	TotalVirtualMemory="0"
	TotalPhysicalMemory="15685"
	LogicalProcessorsPerPhysical="1"
	ProcessorClockFrequency="1687"
	>
	<Testing>
		<StartDateTime>Apr 01 23:00 CEST</StartDateTime>
		<StartTestTime>1712005211</StartTestTime>
		<TestList/>
		<EndDateTime>Apr 01 23:00 CEST</EndDateTime>
		<EndTestTime>1712005211</EndTestTime>
		<ElapsedMinutes>0</ElapsedMinutes>
	</Testing>
</Site>
